<?xml version="1.0" encoding="UTF-8"?>
<!-- Generated by org.testng.reporters.JUnitXMLReporter -->
<testsuite ignored="0" hostname="DESKTOP-F0LG1DD" failures="0" tests="5" name="Test" time="133.478" errors="0" timestamp="2023-08-04T13:47:41 IST">
  <testcase classname="com.CRM.Vtiger.organisationTest.VerifyOrganizationName" name="create" time="44.202"/>
  <testcase classname="com.CRM.Vtiger.organisationTest.VerifyOrganizationName" name="create" time="11.392"/>
  <testcase classname="com.CRM.Vtiger.organisationTest.VerifyOrganizationName" name="create" time="10.854"/>
  <testcase classname="com.CRM.Vtiger.organisationTest.VerifyOrganizationName" name="create" time="11.915"/>
  <testcase classname="com.CRM.Vtiger.organisationTest.VerifyOrganizationName" name="demo" time="0.002"/>
</testsuite> <!-- Test -->
