<?xml version="1.0" encoding="UTF-8"?>
<testng-results ignored="0" total="1" passed="1" failed="0" skipped="0">
  <reporter-output>
  </reporter-output>
  <suite started-at="2023-08-07T16:41:58 IST" name="Default suite" finished-at="2023-08-07T16:42:24 IST" duration-ms="26271">
    <groups>
      <group name="smoke">
        <method signature="VerifyContactLastNameTest.contactTest()[pri:0, instance:com.CRM.Vtiger.contactsTest.VerifyContactLastNameTest@7188af83]" name="contactTest" class="com.CRM.Vtiger.contactsTest.VerifyContactLastNameTest"/>
      </group> <!-- smoke -->
    </groups>
    <test started-at="2023-08-07T16:41:58 IST" name="Default test" finished-at="2023-08-07T16:42:24 IST" duration-ms="26271">
      <class name="com.CRM.Vtiger.contactsTest.VerifyContactLastNameTest">
        <test-method is-config="true" signature="bsconfig()[pri:0, instance:com.CRM.Vtiger.contactsTest.VerifyContactLastNameTest@7188af83]" started-at="2023-08-07T16:41:58 IST" name="bsconfig" finished-at="2023-08-07T16:41:58 IST" duration-ms="18" status="PASS">
          <reporter-output>
          </reporter-output>
        </test-method> <!-- bsconfig -->
        <test-method is-config="true" signature="bcconfig()[pri:0, instance:com.CRM.Vtiger.contactsTest.VerifyContactLastNameTest@7188af83]" started-at="2023-08-07T16:41:59 IST" name="bcconfig" finished-at="2023-08-07T16:42:04 IST" duration-ms="5225" status="PASS">
          <reporter-output>
          </reporter-output>
        </test-method> <!-- bcconfig -->
        <test-method is-config="true" signature="bmConfig()[pri:0, instance:com.CRM.Vtiger.contactsTest.VerifyContactLastNameTest@7188af83]" started-at="2023-08-07T16:42:04 IST" name="bmConfig" finished-at="2023-08-07T16:42:09 IST" duration-ms="4443" status="PASS">
          <reporter-output>
          </reporter-output>
        </test-method> <!-- bmConfig -->
        <test-method signature="contactTest()[pri:0, instance:com.CRM.Vtiger.contactsTest.VerifyContactLastNameTest@7188af83]" started-at="2023-08-07T16:42:09 IST" name="contactTest" finished-at="2023-08-07T16:42:22 IST" duration-ms="13398" status="PASS">
          <reporter-output>
          </reporter-output>
        </test-method> <!-- contactTest -->
        <test-method is-config="true" signature="amConfig()[pri:0, instance:com.CRM.Vtiger.contactsTest.VerifyContactLastNameTest@7188af83]" started-at="2023-08-07T16:42:22 IST" name="amConfig" finished-at="2023-08-07T16:42:24 IST" duration-ms="1984" status="PASS">
          <reporter-output>
          </reporter-output>
        </test-method> <!-- amConfig -->
        <test-method is-config="true" signature="acConfig()[pri:0, instance:com.CRM.Vtiger.contactsTest.VerifyContactLastNameTest@7188af83]" started-at="2023-08-07T16:42:24 IST" name="acConfig" finished-at="2023-08-07T16:42:24 IST" duration-ms="319" status="PASS">
          <reporter-output>
          </reporter-output>
        </test-method> <!-- acConfig -->
        <test-method is-config="true" signature="asConfig()[pri:0, instance:com.CRM.Vtiger.contactsTest.VerifyContactLastNameTest@7188af83]" started-at="2023-08-07T16:42:25 IST" name="asConfig" finished-at="2023-08-07T16:42:25 IST" duration-ms="0" status="PASS">
          <reporter-output>
          </reporter-output>
        </test-method> <!-- asConfig -->
      </class> <!-- com.CRM.Vtiger.contactsTest.VerifyContactLastNameTest -->
    </test> <!-- Default test -->
  </suite> <!-- Default suite -->
</testng-results>
